Build started 03/02/2016 13:22:49.
     1>Project "C:\Users\jason_000\Desktop\OpenGL Template\OpenGL Template\OpenGL Template.vcxproj" on node 2 (Build target(s)).
     1>ClCompile:
         C:\Program Files (x86)\Microsoft Visual Studio 14.0\VC\bin\x86_amd64\CL.exe /c /ZI /nologo /W3 /WX- /Od /D _DEBUG /D _CONSOLE /D _UNICODE /D UNICODE /Gm /EHsc /RTC1 /MDd /GS /fp:precise /Zc:wchar_t /Zc:forScope /Zc:inline /Fo"x64\Debug\\" /Fd"x64\Debug\vc140.pdb" /Gd /TP /errorReport:prompt Scene.cpp
         Scene.cpp
     1>c:\users\jason_000\desktop\opengl template\opengl template\scene.cpp(6): warning C4305: 'initializing': truncation from 'double' to 'float'
     1>c:\users\jason_000\desktop\opengl template\opengl template\scene.cpp(40): warning C4244: 'argument': conversion from 'float' to 'GLint', possible loss of data
     1>c:\users\jason_000\desktop\opengl template\opengl template\scene.cpp(60): warning C4244: 'argument': conversion from 'double' to 'GLfloat', possible loss of data
     1>c:\users\jason_000\desktop\opengl template\opengl template\scene.cpp(61): warning C4244: 'argument': conversion from 'double' to 'GLfloat', possible loss of data
     1>c:\users\jason_000\desktop\opengl template\opengl template\scene.cpp(62): warning C4244: 'argument': conversion from 'double' to 'GLfloat', possible loss of data
     1>c:\users\jason_000\desktop\opengl template\opengl template\scene.cpp(67): warning C4244: 'argument': conversion from 'double' to 'GLfloat', possible loss of data
     1>c:\users\jason_000\desktop\opengl template\opengl template\scene.cpp(78): warning C4244: 'initializing': conversion from 'double' to 'float', possible loss of data
     1>c:\users\jason_000\desktop\opengl template\opengl template\scene.cpp(81): warning C4244: 'argument': conversion from 'double' to 'float', possible loss of data
     1>c:\users\jason_000\desktop\opengl template\opengl template\scene.cpp(82): warning C4244: 'argument': conversion from 'double' to 'float', possible loss of data
     1>c:\users\jason_000\desktop\opengl template\opengl template\scene.cpp(83): warning C4244: 'argument': conversion from 'double' to 'float', possible loss of data
     1>c:\users\jason_000\desktop\opengl template\opengl template\scene.cpp(84): warning C4244: 'argument': conversion from 'double' to 'float', possible loss of data
     1>c:\users\jason_000\desktop\opengl template\opengl template\scene.cpp(87): warning C4244: 'argument': conversion from 'double' to 'float', possible loss of data
     1>c:\users\jason_000\desktop\opengl template\opengl template\scene.cpp(88): warning C4244: 'argument': conversion from 'double' to 'float', possible loss of data
     1>c:\users\jason_000\desktop\opengl template\opengl template\scene.cpp(107): warning C4244: 'argument': conversion from 'double' to 'GLfloat', possible loss of data
     1>c:\users\jason_000\desktop\opengl template\opengl template\scene.cpp(108): warning C4244: 'argument': conversion from 'double' to 'GLfloat', possible loss of data
     1>c:\users\jason_000\desktop\opengl template\opengl template\scene.cpp(109): warning C4244: 'argument': conversion from 'double' to 'GLfloat', possible loss of data
     1>c:\users\jason_000\desktop\opengl template\opengl template\scene.cpp(110): warning C4244: 'argument': conversion from 'double' to 'GLfloat', possible loss of data
     1>c:\users\jason_000\desktop\opengl template\opengl template\scene.cpp(117): warning C4244: 'argument': conversion from 'double' to 'GLfloat', possible loss of data
     1>c:\users\jason_000\desktop\opengl template\opengl template\scene.cpp(118): warning C4244: 'argument': conversion from 'double' to 'GLfloat', possible loss of data
     1>c:\users\jason_000\desktop\opengl template\opengl template\scene.cpp(122): warning C4244: 'argument': conversion from 'double' to 'GLfloat', possible loss of data
     1>c:\users\jason_000\desktop\opengl template\opengl template\scene.cpp(123): warning C4244: 'argument': conversion from 'double' to 'GLfloat', possible loss of data
     1>c:\users\jason_000\desktop\opengl template\opengl template\scene.cpp(127): warning C4244: 'argument': conversion from 'double' to 'GLfloat', possible loss of data
     1>c:\users\jason_000\desktop\opengl template\opengl template\scene.cpp(128): warning C4244: 'argument': conversion from 'double' to 'GLfloat', possible loss of data
     1>c:\users\jason_000\desktop\opengl template\opengl template\scene.cpp(132): warning C4244: 'argument': conversion from 'double' to 'GLfloat', possible loss of data
     1>c:\users\jason_000\desktop\opengl template\opengl template\scene.cpp(133): warning C4244: 'argument': conversion from 'double' to 'GLfloat', possible loss of data
     1>c:\users\jason_000\desktop\opengl template\opengl template\scene.cpp(137): warning C4244: 'argument': conversion from 'double' to 'GLfloat', possible loss of data
     1>c:\users\jason_000\desktop\opengl template\opengl template\scene.cpp(138): warning C4244: 'argument': conversion from 'double' to 'GLfloat', possible loss of data
     1>c:\users\jason_000\desktop\opengl template\opengl template\scene.cpp(147): warning C4244: 'argument': conversion from 'double' to 'GLfloat', possible loss of data
     1>c:\users\jason_000\desktop\opengl template\opengl template\scene.cpp(148): warning C4244: 'argument': conversion from 'double' to 'GLfloat', possible loss of data
     1>c:\users\jason_000\desktop\opengl template\opengl template\scene.cpp(152): warning C4244: 'argument': conversion from 'double' to 'GLfloat', possible loss of data
     1>c:\users\jason_000\desktop\opengl template\opengl template\scene.cpp(153): warning C4244: 'argument': conversion from 'double' to 'GLfloat', possible loss of data
     1>c:\users\jason_000\desktop\opengl template\opengl template\scene.cpp(160): warning C4305: 'argument': truncation from 'double' to 'float'
     1>c:\users\jason_000\desktop\opengl template\opengl template\scene.cpp(162): warning C4305: 'argument': truncation from 'double' to 'float'
     1>c:\users\jason_000\desktop\opengl template\opengl template\scene.cpp(168): warning C4305: 'argument': truncation from 'double' to 'GLfloat'
     1>c:\users\jason_000\desktop\opengl template\opengl template\scene.cpp(169): warning C4305: 'argument': truncation from 'double' to 'GLfloat'
     1>c:\users\jason_000\desktop\opengl template\opengl template\scene.cpp(170): warning C4305: 'argument': truncation from 'double' to 'GLfloat'
     1>c:\users\jason_000\desktop\opengl template\opengl template\scene.cpp(171): warning C4305: 'argument': truncation from 'double' to 'GLfloat'
     1>c:\users\jason_000\desktop\opengl template\opengl template\scene.cpp(176): warning C4267: 'argument': conversion from 'size_t' to 'int', possible loss of data
     1>c:\users\jason_000\desktop\opengl template\opengl template\scene.cpp(179): warning C4305: 'argument': truncation from 'double' to 'float'
     1>c:\users\jason_000\desktop\opengl template\opengl template\scene.cpp(179): warning C4267: 'argument': conversion from 'size_t' to 'int', possible loss of data
     1>c:\users\jason_000\desktop\opengl template\opengl template\scene.cpp(189): warning C4305: 'argument': truncation from 'double' to 'float'
     1>c:\users\jason_000\desktop\opengl template\opengl template\scene.cpp(189): warning C4267: 'argument': conversion from 'size_t' to 'int', possible loss of data
     1>c:\users\jason_000\desktop\opengl template\opengl template\scene.cpp(190): warning C4267: 'argument': conversion from 'size_t' to 'int', possible loss of data
     1>c:\users\jason_000\desktop\opengl template\opengl template\scene.cpp(191): warning C4305: 'argument': truncation from 'double' to 'float'
     1>c:\users\jason_000\desktop\opengl template\opengl template\scene.cpp(191): warning C4267: 'argument': conversion from 'size_t' to 'int', possible loss of data
     1>c:\users\jason_000\desktop\opengl template\opengl template\scene.cpp(192): warning C4305: 'argument': truncation from 'double' to 'float'
     1>c:\users\jason_000\desktop\opengl template\opengl template\scene.cpp(192): warning C4267: 'argument': conversion from 'size_t' to 'int', possible loss of data
     1>c:\users\jason_000\desktop\opengl template\opengl template\scene.cpp(193): warning C4305: 'argument': truncation from 'double' to 'float'
     1>c:\users\jason_000\desktop\opengl template\opengl template\scene.cpp(193): warning C4267: 'argument': conversion from 'size_t' to 'int', possible loss of data
     1>c:\users\jason_000\desktop\opengl template\opengl template\scene.cpp(194): warning C4305: 'argument': truncation from 'double' to 'float'
     1>c:\users\jason_000\desktop\opengl template\opengl template\scene.cpp(194): warning C4267: 'argument': conversion from 'size_t' to 'int', possible loss of data
     1>c:\users\jason_000\desktop\opengl template\opengl template\scene.cpp(199): warning C4305: 'argument': truncation from 'double' to 'float'
     1>c:\users\jason_000\desktop\opengl template\opengl template\scene.cpp(202): warning C4305: 'argument': truncation from 'double' to 'float'
     1>c:\users\jason_000\desktop\opengl template\opengl template\scene.cpp(206): warning C4305: 'argument': truncation from 'double' to 'float'
     1>c:\users\jason_000\desktop\opengl template\opengl template\scene.cpp(209): warning C4305: 'argument': truncation from 'double' to 'float'
     1>c:\users\jason_000\desktop\opengl template\opengl template\scene.cpp(221): warning C4305: 'argument': truncation from 'double' to 'GLclampf'
     1>c:\users\jason_000\desktop\opengl template\opengl template\scene.cpp(242): warning C4305: '+=': truncation from 'double' to 'float'
     1>c:\users\jason_000\desktop\opengl template\opengl template\scene.cpp(250): warning C4305: '+=': truncation from 'double' to 'float'
     1>c:\users\jason_000\desktop\opengl template\opengl template\scene.cpp(255): warning C4305: '+=': truncation from 'double' to 'float'
     1>c:\users\jason_000\desktop\opengl template\opengl template\scene.cpp(269): warning C4305: '=': truncation from 'double' to 'float'
       Link:
         C:\Program Files (x86)\Microsoft Visual Studio 14.0\VC\bin\x86_amd64\link.exe /ERRORREPORT:PROMPT /OUT:"C:\Users\jason_000\Desktop\OpenGL Template\x64\Debug\OpenGL Template.exe" /INCREMENTAL /NOLOGO kernel32.lib user32.lib gdi32.lib winspool.lib comdlg32.lib advapi32.lib shell32.lib ole32.lib oleaut32.lib uuid.lib odbc32.lib odbccp32.lib /MANIFEST /MANIFESTUAC:"level='asInvoker' uiAccess='false'" /manifest:embed /Debug /PDB:"C:\Users\jason_000\Desktop\OpenGL Template\x64\Debug\OpenGL Template.pdb" /SUBSYSTEM:CONSOLE /TLBID:1 /DYNAMICBASE /NXCOMPAT /IMPLIB:"C:\Users\jason_000\Desktop\OpenGL Template\x64\Debug\OpenGL Template.lib" /MACHINE:X64 x64\Debug\Scene.obj
         x64\Debug\WindowingSystem.obj
         OpenGL Template.vcxproj -> C:\Users\jason_000\Desktop\OpenGL Template\x64\Debug\OpenGL Template.exe
     1>Done Building Project "C:\Users\jason_000\Desktop\OpenGL Template\OpenGL Template\OpenGL Template.vcxproj" (Build target(s)).

Build succeeded.

Time Elapsed 00:00:04.72
